[debug] [2017-09-18T13:01:56.640Z] ----------------------------------------------------------------------
[debug] [2017-09-18T13:01:56.642Z] Command:       /Users/emenel/.nvm/versions/node/v8.4.0/bin/node /Users/emenel/.nvm/versions/node/v8.4.0/bin/firebase deploy
[debug] [2017-09-18T13:01:56.642Z] CLI Version:   3.10.0
[debug] [2017-09-18T13:01:56.642Z] Platform:      darwin
[debug] [2017-09-18T13:01:56.642Z] Node Version:  v8.4.0
[debug] [2017-09-18T13:01:56.643Z] Time:          Mon Sep 18 2017 09:01:56 GMT-0400 (EDT)
[debug] [2017-09-18T13:01:56.643Z] ----------------------------------------------------------------------
[debug] 
[debug] [2017-09-18T13:01:56.653Z] > command requires scopes: ["email","openid","https://www.googleapis.com/auth/cloudplatformprojects.readonly","https://www.googleapis.com/auth/firebase","https://www.googleapis.com/auth/cloud-platform"]
[debug] [2017-09-18T13:01:56.653Z] > authorizing via signed-in user
[debug] [2017-09-18T13:01:56.655Z] >>> HTTP REQUEST GET https://admin.firebase.com/v1/projects/cohere-d61af  
 Mon Sep 18 2017 09:01:56 GMT-0400 (EDT)
[debug] [2017-09-18T13:01:57.364Z] <<< HTTP RESPONSE 200
[debug] [2017-09-18T13:01:57.364Z] >>> HTTP REQUEST GET https://admin.firebase.com/v1/database/cohere-d61af/tokens  
 Mon Sep 18 2017 09:01:57 GMT-0400 (EDT)
[debug] [2017-09-18T13:01:58.188Z] <<< HTTP RESPONSE 200
[info] 
[info] === Deploying to 'cohere-d61af'...
[info] 
[info] i  deploying database, hosting
[info] ✔  database: rules ready to deploy.
[info] i  hosting: preparing build directory for upload...
[debug] [2017-09-18T13:02:06.986Z] >>> HTTP REQUEST PUT https://deploy.firebase.com/v1/hosting/cohere-d61af/uploads/-KuK4B6VoqUD92PHCdtV?fileCount=40&message=  
 Mon Sep 18 2017 09:02:06 GMT-0400 (EDT)
